<?xml version="1.0" encoding="UTF-8"?>
<Site BuildName="Win32-mingw32-make"
	BuildStamp="20230818-0750-Experimental"
	Name="NWHPLAP22-0036"
	Generator="ctest-3.26.5"
	CompilerName="C:/msys64/mingw64/bin/g++.exe"
	CompilerVersion="13.2.0"
	OSName="Windows"
	Hostname="NWHPLAP22-0036"
	OSRelease=" Professional"
	OSVersion=" (Build 19045)"
	OSPlatform="AMD64"
	Is64Bits="1"
	VendorString="GenuineIntel"
	VendorID="Intel Corporation"
	FamilyID="6"
	ModelID="14"
	ProcessorCacheSize="-1"
	NumberOfLogicalCPU="8"
	NumberOfPhysicalCPU="4"
	TotalVirtualMemory="37413"
	TotalPhysicalMemory="32549"
	LogicalProcessorsPerPhysical="2"
	ProcessorClockFrequency="1497"
	>
	<Testing>
		<StartDateTime>Aug 18 11:17 W. Europe Summer Time</StartDateTime>
		<StartTestTime>1692350261</StartTestTime>
		<TestList/>
		<EndDateTime>Aug 18 11:17 W. Europe Summer Time</EndDateTime>
		<EndTestTime>1692350261</EndTestTime>
		<ElapsedMinutes>0</ElapsedMinutes>
	</Testing>
</Site>
